IQ-TREE multicore version 2.2.0 COVID-edition for Linux 64-bit built Sep  1 2022
Developed by Bui Quang Minh, James Barbetti, Nguyen Lam Tung,
Olga Chernomor, Heiko Schmidt, Dominik Schrempf, Michael Woodhams, Ly Trong Nhan.

Host:    cdr1436.int.cedar.computecanada.ca (AVX512, FMA3, 187 GB RAM)
Command: iqtree2 -s core_gene_alignment.aln -B 10000 -T 16
Seed:    366714 (Using SPRNG - Scalable Parallel Random Number Generator)
Time:    Mon Sep 18 22:35:34 2023
Kernel:  AVX+FMA - 16 threads (16 CPU cores detected)

Reading alignment file core_gene_alignment.aln ... Fasta format detected
Reading fasta file: done in 2.05098 secs using 79.38% CPU
Alignment most likely contains DNA/RNA sequences
Constructing alignment: done in 4.32624 secs using 61.37% CPU
Alignment has 75 sequences with 943110 columns, 625814 distinct patterns
585357 parsimony-informative, 62120 singleton sites, 295633 constant sites
                                                                   Gap/Ambiguity  Composition  p-value
Analyzing sequences: done in 0.0675066 secs using 1593% CPU
   1  Alysiella_crassa_DSM_2578_GCF_022871045.1.converted                 35.64%    failed      0.00%
   2  Alysiella_filiformis_DSM_16848_GCF_014054525.1.converted            15.52%    failed      0.00%
   3  Chitinolyticbacter_meiyuanensis_SYBC-H1_GCF_008033135.1.converted   32.49%    failed      0.00%
   4  Conchiformibius_khuniae_DSM_17694_GCA_022871025.1.converted         61.39%    failed      0.00%
   5  Conchiformibius_steedae_DSM_2580_GCF_014054725.1.converted          17.09%    failed      0.00%
   6  Crenobacter_cavernae_K1W11S-77_GCF_003355495.1.converted            28.22%    failed      0.00%
   7  Crenobacter_intestini_GY_70310_GCF_004919095.1.converted            27.20%    failed      0.00%
   8  Crenobacter_luteus_DSM_27258_GCF_004345725.1.converted              27.65%    failed      0.00%
   9  Crenobacter_sedimenti_HX-7-9__GCF_010435965.1.converted             28.46%    failed      0.00%
  10  Eikenella_corrodens_NCTC10596_GCF_900187105.1.converted             15.97%    failed      0.00%
  11  Eikenella_exigua_PXX_GCF_008805035.1.converted                      22.66%    failed      0.00%
  12  Eikenella_halliae_NML130454_GCF_001648475.1.converted               16.39%    failed      0.00%
  13  Eikenella_longinqua_NML02-A-017_GCF_001648355.1.converted           16.36%    failed      0.00%
  14  Kingella_bonacorsii_Marseille-Q4569_GCF_016623605.1.converted       16.85%    failed      0.00%
  15  Kingella_denitrificans_FDAARGOS_1060_GCF_016127355.1.converted      15.67%    failed      0.00%
  16  Kingella_kingae_DSM_7536_GCF_022871005.1.converted                  14.95%    failed      0.00%
  17  Kingella_negevensis_SW7208426_GCF_900177895.1.converted             22.15%    failed      0.00%
  18  Kingella_oralis_DSM_18271_GCF_014054985.1.converted                 16.36%    failed      0.00%
  19  Morococcus_cerebrosus_CIP_81.93_GCF_000813705.1.converted           11.93%    failed      0.00%
  20  Neisseria_animalis_ATCC_49930_GCF_008806995.1.converted             11.23%    failed      0.00%
  21  Neisseria_animaloris_NCTC12228_GCF_900637855.1.converted            11.09%    failed      0.00%
  22  Neisseria_arctica_DSM_103136_GCF_022870905.1.converted              10.49%    failed      0.00%
  23  Neisseria_bacilliformis_DSM_23338_GCF_014055025.1.converted         13.18%    failed      0.00%
  24  Neisseria_benedictiae_M091_GCF_958267435.1.converted                11.90%    failed      0.00%
  25  Neisseria_bergeri_M40463_GCF_003490325.1.converted                  11.15%    failed      0.00%
  26  Neisseria_blantyrii_M338_GCF_962747465.1.converted                  11.35%    failed      0.00%
  27  Neisseria_brasiliensis_N.177.16_GCF_009671065.1.converted           11.69%    failed      0.00%
  28  Neisseria_canis_NCTC10296_GCF_900636765.1.converted                 11.21%    failed      0.00%
  29  Neisseria_chenwenguii_10023_GCF_002216145.1.converted               11.58%    failed      0.00%
  30  Neisseria_cinerea_NCTC10294_GCF_900475315.1.converted               13.18%    failed      0.00%
  31  Neisseria_denitrificans-CCUG17229                                   11.29%    failed      0.00%
  32  Neisseria_denitrificans-DSMZ17675                                   11.54%    failed      0.00%
  33  Neisseria_dentiae_DSM_19151_GCF_014055005.1.converted               10.85%    failed      0.00%
  34  Neisseria_dumasiana_DSM_104677_GCF_022870885.1.converted            10.46%    failed      0.00%
  35  Neisseria_elongata_ATCC_29315_GCF_000818035.1.converted             12.94%    failed      0.00%
  36  Neisseria_flavescens_ATCC_13120_GCF_005221285.1.converted           11.04%    failed      0.00%
  37  Neisseria_gonorrhoeae                                               11.77%    failed      0.00%
  38  Neisseria_iguanae_ATCC_51483_GCF_003013245.1.converted              13.78%    failed      0.00%
  39  Neisseria_lactamica_NCTC10617_GCF_901482445.1.converted             11.51%    failed      0.00%
  40  Neisseria_lactamica_NS19_GCF_000193795.1.converted                  15.12%    failed      0.00%
  41  Neisseria_macacae_ATCC_33926_GCF_022749495.1.converted              10.90%    failed      0.00%
  42  Neisseria_maigaei_02_01105_XS1_1_GCF_958267405.1.converted          11.37%    failed      0.00%
  43  Neisseria_meningitidis_8013_GCF_000026965.1.converted               11.92%    failed      0.00%
  44  Neisseria_montereyensis_CSL10203-ORH2_GCF_024834045.1.converted     12.79%    failed      0.00%
  45  Neisseria_mucosa-heidelbergensis                                    11.16%    failed      0.00%
  46  Neisseria_mucosa_ATCC_19696_GCF_003028315.1.converted               11.00%    failed      0.00%
  47  Neisseria_musculi_NW831_GCF_014297595.1.converted                   11.92%    failed      0.00%
  48  Neisseria_polysaccharea                                             11.92%    failed      0.00%
  49  Neisseria_potus_3_SID_1128_GCF_022870985.1.converted                58.85%    failed      0.00%
  50  Neisseria_shayeganii_DSM_22244_GCF_014054965.1.converted            13.12%    failed      0.00%
  51  Neisseria_sicca_DSM_17713_GCF_014054945.1.converted                 10.76%    failed      0.00%
  52  Neisseria_sp-LNP16475                                               10.47%    failed      0.00%
  53  Neisseria_sp_83E034_GCF_001308015.1.converted                       11.18%    failed      0.00%
  54  Neisseria_sp_DentCa1247_GCF_022870825.1.converted                   11.15%    failed      0.00%
  55  Neisseria_sp_KEM232_GCF_002237445.1.converted                       12.93%    failed      0.00%
  56  Neisseria_sp_oral_taxon014_str.F0314_GCF_005886145.1.converted      11.20%    failed      0.00%
  57  Neisseria_subflava_ATCC_49275_GCF_005221305.1.converted             10.73%    failed      0.00%
  58  Neisseria_subflava_M18660_GCF_003351665.1.converted                 10.60%    failed      0.00%
  59  Neisseria_uirgultaei_12_13988_XS2_1_GCF_962707505.1.converted       11.17%    failed      0.00%
  60  Neisseria_viridiae_M101_GCF_962747945.1.converted                   11.49%    failed      0.00%
  61  Neisseria_wadsworthii_DSM_22245_GCF_014054885.1.converted           11.64%    failed      0.00%
  62  Neisseria_weaveri_NCTC12742_GCF_900638685.1.converted               11.33%    failed      0.00%
  63  Neisseria_weixii_10022_GCF_002327085.1.converted                    38.99%    failed      0.00%
  64  Neisseria_yangbaofengii_ZJ785_GCF_014898075.1.converted             11.28%    failed      0.00%
  65  Neisseria_zalophi_ATCC_BAA-2455_GCF_008807015.1.converted           11.54%    failed      0.00%
  66  Neisseria_zoodegmatis_NCTC12230_GCF_900187305.1.converted           11.07%    failed      0.00%
  67  Neisseriasp_3896.converted                                          13.50%    failed      0.00%
  68  Simonsiella_muelleri_ATCC_29453_GCF_002951835.1.converted           17.41%    failed      0.00%
  69  Snodgrassella_alvi_wkB2_DSM_104735_GCF_022870965.1.converted        22.76%    failed      0.00%
  70  Stenoxybacter_acetivorans_DSM_19021_GCF_000745895.1.converted       17.66%    failed      0.00%
  71  Uruburuella_suis_DSMZ_17474_GCF_022870845.1.converted               11.37%    failed      0.00%
  72  Uruburuella_testudinis_DSMZ_26510_GCF_022870865.1.converted         11.10%    failed      0.00%
  73  Vitreoscilla_massiliensis_DSM_100958_GCF_022870925.1.converted      17.35%    failed      0.00%
  74  Vitreoscilla_stercoraria_DSM_513_GCF_022870945.1.converted          19.84%    failed      0.00%
  75  Wielerella_bovis_CCUG_44465_GCF_022354425.1.converted               17.46%    failed      0.00%
WARNING: 2 sequences contain more than 50% gaps/ambiguity
****  TOTAL                                                               16.16%  75 sequences failed composition chi2 test (p-value<5%; df=3)
NOTE: minimal branch length is reduced to 0.000000106032 for long alignment
Checking for duplicate sequences: done in 0.851864 secs using 137.3% CPU


Create initial parsimony tree by phylogenetic likelihood library (PLL)... 5.804 seconds
Model GTR => GTR+F
Perform fast likelihood tree search using GTR+I+G model...
Estimate model parameters (epsilon = 5.000)
Perform nearest neighbor interchange...
Optimizing NNI: done in 21.9587 secs using 1593% CPU
Estimate model parameters (epsilon = 1.000)
1. Initial log-likelihood: -25307350.739
2. Current log-likelihood: -25307323.084
3. Current log-likelihood: -25307319.589
Optimal log-likelihood: -25307318.603
Rate parameters:  A-C: 1.57883  A-G: 3.44944  A-T: 0.88707  C-G: 1.58129  C-T: 5.30987  G-T: 1.00000
Base frequencies:  A: 0.243  C: 0.277  G: 0.269  T: 0.212
Proportion of invariable sites: 0.251
Gamma shape alpha: 1.084
Parameters optimization took 3 rounds (22.070 sec)
Time for fast ML tree search: 147.068 seconds

NOTE: ModelFinder requires 39092 MB RAM!
ModelFinder will test up to 484 DNA models (sample size: 943110) ...
 No. Model         -LnL         df  AIC          AICc         BIC
Model GTR => GTR+F
  1  GTR+F         28084361.614 155 56169033.228 56169033.279 56170855.554
Model GTR => GTR+F
  2  GTR+F+I       26360246.826 156 52720805.652 52720805.704 52722639.734
Model GTR => GTR+F
  3  GTR+F+G4      25397036.431 156 50794384.862 50794384.914 50796218.944
Model GTR => GTR+F
  4  GTR+F+I+G4    25307318.409 157 50614950.819 50614950.871 50616796.658
Model GTR => GTR+F
  5  GTR+F+R2      25680457.809 157 51361229.619 51361229.672 51363075.458
Model GTR => GTR+F
  6  GTR+F+R3      25365887.656 159 50732093.313 50732093.366 50733962.666
Model GTR => GTR+F
  7  GTR+F+R4      25298749.079 161 50597820.159 50597820.214 50599713.026
Model GTR => GTR+F
  8  GTR+F+R5      25286818.025 163 50573962.051 50573962.108 50575878.432
Model GTR => GTR+F
  9  GTR+F+R6      25284873.547 165 50570077.094 50570077.152 50572016.989
Model GTR => GTR+F
 10  GTR+F+R7      25284733.731 167 50569801.463 50569801.522 50571764.872
Model GTR => GTR+F
 11  GTR+F+R8      25284698.883 169 50569735.767 50569735.828 50571722.689
Model GTR => GTR+F
 12  GTR+F+R9      25284696.171 171 50569734.342 50569734.404 50571744.778
Model GTR => GTR+F
 14  GTR+F+I+I+R2  25460000.919 158 50920317.838 50920317.891 50922175.434
Model GTR => GTR+F
 15  GTR+F+I+I+R3  25314690.199 160 50629700.398 50629700.453 50631581.508
Model GTR => GTR+F
 16  GTR+F+I+I+R4  25289465.354 162 50579254.708 50579254.764 50581159.332
Model GTR => GTR+F
 17  GTR+F+I+I+R5  25285288.074 164 50570904.148 50570904.205 50572832.286
Model GTR => GTR+F
 18  GTR+F+I+I+R6  25284709.351 166 50569750.702 50569750.761 50571702.354
Model GTR => GTR+F
 19  GTR+F+I+I+R7  25284683.027 168 50569702.054 50569702.114 50571677.220
Model GTR => GTR+F
 20  GTR+F+I+I+R8  25284681.452 170 50569702.903 50569702.965 50571701.583
Model SYM => SYM+F
 41  SYM+I+I+R7    25329126.302 165 50658582.604 50658582.662 50660522.499
Model TVM => TVM+F
 63  TVM+F+I+I+R7  25318500.714 167 50637335.428 50637335.488 50639298.837
Model TVMe => TVMe+F
 85  TVMe+I+I+R7   25345893.462 164 50692114.924 50692114.982 50694043.062
Model TIM3 => TIM3+F
107  TIM3+F+I+I+R7 25285200.759 166 50570733.517 50570733.576 50572685.169
Model TIM3e => TIM3e+F
129  TIM3e+I+I+R7  25333468.133 163 50667262.267 50667262.323 50669178.648
Model TIM2 => TIM2+F
151  TIM2+F+I+I+R7 25316472.880 166 50633277.759 50633277.818 50635229.411
Model TIM2e => TIM2e+F
173  TIM2e+I+I+R7  25409292.139 163 50818910.277 50818910.334 50820826.658
Model TIM => TIM+F
195  TIM+F+I+I+R7  25316597.588 166 50633527.177 50633527.236 50635478.829
Model TIMe => TIMe+F
217  TIMe+I+I+R7   25412180.383 163 50824686.766 50824686.823 50826603.147
Model TPM3u => TPM3u+F
239  TPM3u+F+I+I+R7 25318923.775 165 50638177.550 50638177.608 50640117.445
Model TPM3 => TPM3+F
261  TPM3+I+I+R7   25350116.256 162 50700556.513 50700556.569 50702461.137
Model TPM2u => TPM2u+F
283  TPM2u+F+I+I+R7 25350103.974 165 50700537.949 50700538.007 50702477.844
Model TPM2 => TPM2+F
305  TPM2+I+I+R7   25422982.640 162 50846289.280 50846289.336 50848193.904
Model K81u => K81u+F
327  K3Pu+F+I+I+R7 25350142.018 165 50700614.036 50700614.095 50702553.931
Model K81 => K81+F
349  K3P+I+I+R7    25425776.715 162 50851877.429 50851877.485 50853782.053
Model TN => TN+F
371  TN+F+I+I+R7   25316615.647 165 50633561.294 50633561.352 50635501.189
Model TNe => TNe+F
393  TNe+I+I+R7    25412753.239 162 50825830.477 50825830.533 50827735.101
Model HKY => HKY+F
415  HKY+F+I+I+R7  25350161.632 164 50700651.264 50700651.322 50702579.402
Model K80 => K80+F
437  K2P+I+I+R7    25426344.884 161 50853011.767 50853011.822 50854904.634
Model F81 => F81+F
459  F81+F+I+I+R7  26064629.502 163 52129585.004 52129585.060 52131501.385
Model JC => JC+F
481  JC+I+I+R7     26084290.237 160 52168900.474 52168900.529 52170781.584
Akaike Information Criterion:           GTR+F+I+I+R7
Corrected Akaike Information Criterion: GTR+F+I+I+R7
Bayesian Information Criterion:         GTR+F+I+I+R7
Best-fit model: GTR+F+I+I+R7 chosen according to BIC

All model information printed to core_gene_alignment.aln.model.gz
CPU time for ModelFinder: 1132679.183 seconds (314h:37m:59s)
Wall-clock time for ModelFinder: 72761.287 seconds (20h:12m:41s)
Generating 10000 samples for ultrafast bootstrap (seed: 366714)...
Model GTR => GTR+F

NOTE: 34526 MB RAM (33 GB) is required!
Estimate model parameters (epsilon = 0.100)
1. Initial log-likelihood: -25284683.027
2. Current log-likelihood: -25284682.723
3. Current log-likelihood: -25284682.429
4. Current log-likelihood: -25284681.867
5. Current log-likelihood: -25284681.536
6. Current log-likelihood: -25284681.241
7. Current log-likelihood: -25284680.853
8. Current log-likelihood: -25284680.505
9. Current log-likelihood: -25284680.209
10. Current log-likelihood: -25284679.931
11. Current log-likelihood: -25284679.726
12. Current log-likelihood: -25284679.430
13. Current log-likelihood: -25284679.273
14. Current log-likelihood: -25284678.989
15. Current log-likelihood: -25284678.837
16. Current log-likelihood: -25284678.519
17. Current log-likelihood: -25284678.360
18. Current log-likelihood: -25284678.090
19. Current log-likelihood: -25284677.678
20. Current log-likelihood: -25284677.281
21. Current log-likelihood: -25284676.957
22. Current log-likelihood: -25284676.691
23. Current log-likelihood: -25284676.547
24. Current log-likelihood: -25284676.282
25. Current log-likelihood: -25284676.097
26. Current log-likelihood: -25284675.835
27. Current log-likelihood: -25284675.697
28. Current log-likelihood: -25284675.447
29. Current log-likelihood: -25284675.313
30. Current log-likelihood: -25284675.170
31. Current log-likelihood: -25284674.926
32. Current log-likelihood: -25284674.753
33. Current log-likelihood: -25284674.607
34. Current log-likelihood: -25284674.465
35. Current log-likelihood: -25284674.325
36. Current log-likelihood: -25284674.185
37. Current log-likelihood: -25284673.734
38. Current log-likelihood: -25284673.435
39. Current log-likelihood: -25284673.300
40. Current log-likelihood: -25284673.114
41. Current log-likelihood: -25284672.966
42. Current log-likelihood: -25284672.826
43. Current log-likelihood: -25284672.689
44. Current log-likelihood: -25284672.553
45. Current log-likelihood: -25284672.376
46. Current log-likelihood: -25284672.235
47. Current log-likelihood: -25284672.103
48. Current log-likelihood: -25284671.972
49. Current log-likelihood: -25284671.843
50. Current log-likelihood: -25284671.715
51. Current log-likelihood: -25284671.589
52. Current log-likelihood: -25284671.422
53. Current log-likelihood: -25284671.290
54. Current log-likelihood: -25284671.166
55. Current log-likelihood: -25284671.043
56. Current log-likelihood: -25284670.864
57. Current log-likelihood: -25284670.611
58. Current log-likelihood: -25284670.494
59. Current log-likelihood: -25284670.372
60. Current log-likelihood: -25284670.250
61. Current log-likelihood: -25284670.129
62. Current log-likelihood: -25284670.010
63. Current log-likelihood: -25284669.850
64. Current log-likelihood: -25284669.725
65. Current log-likelihood: -25284669.608
66. Current log-likelihood: -25284669.493
67. Current log-likelihood: -25284669.378
68. Current log-likelihood: -25284669.264
69. Current log-likelihood: -25284669.152
70. Current log-likelihood: -25284669.040
71. Current log-likelihood: -25284668.930
72. Current log-likelihood: -25284668.820
73. Current log-likelihood: -25284668.712
74. Current log-likelihood: -25284668.604
75. Current log-likelihood: -25284668.498
76. Current log-likelihood: -25284668.392
77. Current log-likelihood: -25284668.179
78. Current log-likelihood: -25284667.957
79. Current log-likelihood: -25284667.854
80. Current log-likelihood: -25284667.747
81. Current log-likelihood: -25284667.641
82. Current log-likelihood: -25284667.535
83. Current log-likelihood: -25284667.430
84. Current log-likelihood: -25284667.327
85. Current log-likelihood: -25284667.225
86. Current log-likelihood: -25284667.123
87. Current log-likelihood: -25284667.023
88. Current log-likelihood: -25284666.923
Optimal log-likelihood: -25284666.756
Rate parameters:  A-C: 1.58699  A-G: 3.47438  A-T: 0.88498  C-G: 1.59315  C-T: 5.31569  G-T: 1.00000
Base frequencies:  A: 0.243  C: 0.277  G: 0.269  T: 0.212
Proportion of invariable sites: 0.204
Site proportion and rates:  (0.147,0.077) (0.106,0.327) (0.112,0.689) (0.120,1.099) (0.170,1.677) (0.114,2.863) (0.027,4.965)
Parameters optimization took 88 rounds (1206.400 sec)
Wrote distance file to... 
Computing ML distances based on estimated model parameters...
Calculating distance matrix: done in 0.559601 secs using 1596% CPU
Computing ML distances took 0.691309 sec (of wall-clock time) 10.680693 sec (of CPU time)
Setting up auxiliary I and S matrices: done in 0.0013741 secs using 633.4% CPU
Constructing RapidNJ tree: done in 0.0730431 secs using 151.2% CPU
Computing RapidNJ tree took 0.074663 sec (of wall-clock time) 0.119332 sec (of CPU time)
Log-likelihood of RapidNJ tree: -25315393.908
--------------------------------------------------------------------
|             INITIALIZING CANDIDATE TREE SET                      |
--------------------------------------------------------------------
Generating 98 parsimony trees... 946.857 second
Computing log-likelihood of 98 initial trees ... 412.160 seconds
Current best score: -25284666.756

Do NNI search on 20 best initial trees
Optimizing NNI: done in 68.6783 secs using 1402% CPU
Estimate model parameters (epsilon = 0.100)
BETTER TREE FOUND at iteration 1: -25284666.606
Optimizing NNI: done in 152.86 secs using 1427% CPU
Optimizing NNI: done in 164.036 secs using 1415% CPU
Optimizing NNI: done in 193.875 secs using 1428% CPU
Estimate model parameters (epsilon = 0.100)
BETTER TREE FOUND at iteration 4: -25283336.179
Optimizing NNI: done in 184.294 secs using 1424% CPU
Optimizing NNI: done in 231.196 secs using 1433% CPU
Estimate model parameters (epsilon = 0.100)
BETTER TREE FOUND at iteration 6: -25282557.629
Optimizing NNI: done in 169.063 secs using 1425% CPU
Optimizing NNI: done in 170.916 secs using 1439% CPU
Optimizing NNI: done in 141.053 secs using 1418% CPU
Optimizing NNI: done in 191.789 secs using 1432% CPU
Iteration 10 / LogL: -25283485.742 / Time: 1h:33m:9s
Optimizing NNI: done in 177.2 secs using 1424% CPU
Optimizing NNI: done in 178.918 secs using 1422% CPU
Optimizing NNI: done in 206.622 secs using 1424% CPU
Optimizing NNI: done in 177.609 secs using 1430% CPU
Optimizing NNI: done in 190.016 secs using 1431% CPU
Optimizing NNI: done in 191.018 secs using 1427% CPU
Optimizing NNI: done in 137.551 secs using 1424% CPU
Optimizing NNI: done in 181.866 secs using 1426% CPU
Optimizing NNI: done in 201.062 secs using 1427% CPU
Optimizing NNI: done in 171.866 secs using 1431% CPU
Iteration 20 / LogL: -25286648.427 / Time: 2h:3m:29s
Finish initializing candidate tree set (11)
Current best tree score: -25282557.629 / CPU time: 5846.691
Number of iterations: 20
--------------------------------------------------------------------
|               OPTIMIZING CANDIDATE TREE SET                      |
--------------------------------------------------------------------
Optimizing NNI: done in 74.3985 secs using 1588% CPU
Optimizing NNI: done in 69.8593 secs using 1577% CPU
Optimizing NNI: done in 81.0351 secs using 1574% CPU
Optimizing NNI: done in 77.0573 secs using 1560% CPU
Optimizing NNI: done in 67.3157 secs using 1587% CPU
Optimizing NNI: done in 73.419 secs using 1559% CPU
Optimizing NNI: done in 55.1359 secs using 1569% CPU
Optimizing NNI: done in 77.5006 secs using 1557% CPU
Optimizing NNI: done in 58.9774 secs using 1588% CPU
Optimizing NNI: done in 58.6295 secs using 1556% CPU
Iteration 30 / LogL: -25283305.747 / Time: 2h:15m:10s (5h:54m:13s left)
Optimizing NNI: done in 69.8347 secs using 1586% CPU
Optimizing NNI: done in 84.7439 secs using 1578% CPU
Optimizing NNI: done in 59.6496 secs using 1549% CPU
Optimizing NNI: done in 72.4716 secs using 1566% CPU
Optimizing NNI: done in 52.9335 secs using 1593% CPU
Optimizing NNI: done in 60.8634 secs using 1555% CPU
Optimizing NNI: done in 63.1513 secs using 1589% CPU
Optimizing NNI: done in 73.5267 secs using 1551% CPU
Optimizing NNI: done in 70.7172 secs using 1555% CPU
Optimizing NNI: done in 66.694 secs using 1548% CPU
Iteration 40 / LogL: -25282655.334 / Time: 2h:26m:32s (4h:7m:58s left)
Optimizing NNI: done in 69.2997 secs using 1542% CPU
Optimizing NNI: done in 75.4316 secs using 1586% CPU
Optimizing NNI: done in 68.2298 secs using 1570% CPU
Optimizing NNI: done in 64.1982 secs using 1556% CPU
Optimizing NNI: done in 70.3102 secs using 1568% CPU
Optimizing NNI: done in 63.2629 secs using 1589% CPU
Optimizing NNI: done in 53.4245 secs using 1578% CPU
Optimizing NNI: done in 61.123 secs using 1555% CPU
Optimizing NNI: done in 66.5765 secs using 1549% CPU
Optimizing NNI: done in 74.0735 secs using 1587% CPU
Iteration 50 / LogL: -25283730.509 / Time: 2h:37m:45s (3h:0m:17s left)
Log-likelihood cutoff on original alignment: -25283488.828
Optimizing NNI: done in 76.9939 secs using 1561% CPU
Optimizing NNI: done in 60.1718 secs using 1589% CPU
Optimizing NNI: done in 70.2244 secs using 1559% CPU
Optimizing NNI: done in 67.9941 secs using 1568% CPU
Optimizing NNI: done in 66.2104 secs using 1588% CPU
Optimizing NNI: done in 50.6184 secs using 1549% CPU
Optimizing NNI: done in 69.9705 secs using 1588% CPU
Optimizing NNI: done in 62.7787 secs using 1577% CPU
Optimizing NNI: done in 85.9873 secs using 1572% CPU
Optimizing NNI: done in 76.8742 secs using 1578% CPU
Iteration 60 / LogL: -25284351.789 / Time: 2h:49m:24s (2h:12m:4s left)
Optimizing NNI: done in 75.0883 secs using 1579% CPU
Optimizing NNI: done in 61.566 secs using 1578% CPU
Optimizing NNI: done in 71.9874 secs using 1559% CPU
Optimizing NNI: done in 97.5124 secs using 1581% CPU
Optimizing NNI: done in 64.9032 secs using 1578% CPU
Optimizing NNI: done in 64.6146 secs using 1579% CPU
Optimizing NNI: done in 84.5337 secs using 1561% CPU
Optimizing NNI: done in 72.9816 secs using 1587% CPU
Optimizing NNI: done in 63.0928 secs using 1556% CPU
Optimizing NNI: done in 72.7841 secs using 1587% CPU
Iteration 70 / LogL: -25285003.575 / Time: 3h:1m:40s (1h:34m:47s left)
Optimizing NNI: done in 76.7516 secs using 1577% CPU
Optimizing NNI: done in 71.5457 secs using 1577% CPU
Optimizing NNI: done in 68.7272 secs using 1577% CPU
Optimizing NNI: done in 65.6038 secs using 1579% CPU
Optimizing NNI: done in 64.4159 secs using 1557% CPU
Optimizing NNI: done in 55.0778 secs using 1593% CPU
Optimizing NNI: done in 63.8287 secs using 1557% CPU
Optimizing NNI: done in 76.4571 secs using 1567% CPU
Optimizing NNI: done in 68.6118 secs using 1588% CPU
Optimizing NNI: done in 71.4253 secs using 1557% CPU
Iteration 80 / LogL: -25283248.371 / Time: 3h:13m:10s (1h:3m:34s left)
Optimizing NNI: done in 70.5571 secs using 1586% CPU
Optimizing NNI: done in 79.2976 secs using 1560% CPU
Optimizing NNI: done in 72.1197 secs using 1567% CPU
Optimizing NNI: done in 76.2039 secs using 1587% CPU
Optimizing NNI: done in 58.1295 secs using 1579% CPU
Optimizing NNI: done in 70.2813 secs using 1579% CPU
Optimizing NNI: done in 66.6853 secs using 1558% CPU
Optimizing NNI: done in 68.015 secs using 1566% CPU
Optimizing NNI: done in 69.2969 secs using 1587% CPU
Optimizing NNI: done in 65.2302 secs using 1534% CPU
Iteration 90 / LogL: -25282676.122 / Time: 3h:24m:54s (0h:36m:50s left)
Optimizing NNI: done in 80.0468 secs using 1585% CPU
Optimizing NNI: done in 72.1368 secs using 1559% CPU
Optimizing NNI: done in 62.4783 secs using 1590% CPU
Optimizing NNI: done in 58.0634 secs using 1579% CPU
Optimizing NNI: done in 68.5679 secs using 1557% CPU
Optimizing NNI: done in 69.538 secs using 1588% CPU
Optimizing NNI: done in 74.6747 secs using 1578% CPU
Optimizing NNI: done in 74.8206 secs using 1542% CPU
Optimizing NNI: done in 48.324 secs using 1564% CPU
Optimizing NNI: done in 55.6837 secs using 1591% CPU
Iteration 100 / LogL: -25284760.345 / Time: 3h:40m:30s (0h:13m:21s left)
Log-likelihood cutoff on original alignment: -25283488.828
NOTE: Bootstrap correlation coefficient of split occurrence frequencies: 1.000
Optimizing NNI: done in 73.9097 secs using 1579% CPU
Optimizing NNI: done in 69.0043 secs using 1578% CPU
Optimizing NNI: done in 77.1034 secs using 1578% CPU
Optimizing NNI: done in 68.161 secs using 1578% CPU
Optimizing NNI: done in 60.3308 secs using 1555% CPU

******************************************************
CHECKPOINT: Resuming analysis from core_gene_alignment.aln.ckp.gz

IQ-TREE multicore version 2.2.0 COVID-edition for Linux 64-bit built Sep  1 2022
Developed by Bui Quang Minh, James Barbetti, Nguyen Lam Tung,
Olga Chernomor, Heiko Schmidt, Dominik Schrempf, Michael Woodhams, Ly Trong Nhan.

Host:    cdr497.int.cedar.computecanada.ca (AVX2, FMA3, 125 GB RAM)
Command: iqtree2 -s core_gene_alignment.aln -B 10000 -T 16
Seed:    831935 (Using SPRNG - Scalable Parallel Random Number Generator)
Time:    Wed Sep 20 04:51:15 2023
Kernel:  AVX+FMA - 16 threads (16 CPU cores detected)

Reading alignment file core_gene_alignment.aln ... Fasta format detected
Reading fasta file: done in 1.77195 secs using 83.92% CPU
Alignment most likely contains DNA/RNA sequences
Constructing alignment: done in 4.17682 secs using 63.04% CPU
Alignment has 75 sequences with 943110 columns, 625814 distinct patterns
585357 parsimony-informative, 62120 singleton sites, 295633 constant sites
                                                                   Gap/Ambiguity  Composition  p-value
Analyzing sequences: done in 0.112758 secs using 1036% CPU
   1  Alysiella_crassa_DSM_2578_GCF_022871045.1.converted                 35.64%    failed      0.00%
   2  Alysiella_filiformis_DSM_16848_GCF_014054525.1.converted            15.52%    failed      0.00%
   3  Chitinolyticbacter_meiyuanensis_SYBC-H1_GCF_008033135.1.converted   32.49%    failed      0.00%
   4  Conchiformibius_khuniae_DSM_17694_GCA_022871025.1.converted         61.39%    failed      0.00%
   5  Conchiformibius_steedae_DSM_2580_GCF_014054725.1.converted          17.09%    failed      0.00%
   6  Crenobacter_cavernae_K1W11S-77_GCF_003355495.1.converted            28.22%    failed      0.00%
   7  Crenobacter_intestini_GY_70310_GCF_004919095.1.converted            27.20%    failed      0.00%
   8  Crenobacter_luteus_DSM_27258_GCF_004345725.1.converted              27.65%    failed      0.00%
   9  Crenobacter_sedimenti_HX-7-9__GCF_010435965.1.converted             28.46%    failed      0.00%
  10  Eikenella_corrodens_NCTC10596_GCF_900187105.1.converted             15.97%    failed      0.00%
  11  Eikenella_exigua_PXX_GCF_008805035.1.converted                      22.66%    failed      0.00%
  12  Eikenella_halliae_NML130454_GCF_001648475.1.converted               16.39%    failed      0.00%
  13  Eikenella_longinqua_NML02-A-017_GCF_001648355.1.converted           16.36%    failed      0.00%
  14  Kingella_bonacorsii_Marseille-Q4569_GCF_016623605.1.converted       16.85%    failed      0.00%
  15  Kingella_denitrificans_FDAARGOS_1060_GCF_016127355.1.converted      15.67%    failed      0.00%
  16  Kingella_kingae_DSM_7536_GCF_022871005.1.converted                  14.95%    failed      0.00%
  17  Kingella_negevensis_SW7208426_GCF_900177895.1.converted             22.15%    failed      0.00%
  18  Kingella_oralis_DSM_18271_GCF_014054985.1.converted                 16.36%    failed      0.00%
  19  Morococcus_cerebrosus_CIP_81.93_GCF_000813705.1.converted           11.93%    failed      0.00%
  20  Neisseria_animalis_ATCC_49930_GCF_008806995.1.converted             11.23%    failed      0.00%
  21  Neisseria_animaloris_NCTC12228_GCF_900637855.1.converted            11.09%    failed      0.00%
  22  Neisseria_arctica_DSM_103136_GCF_022870905.1.converted              10.49%    failed      0.00%
  23  Neisseria_bacilliformis_DSM_23338_GCF_014055025.1.converted         13.18%    failed      0.00%
  24  Neisseria_benedictiae_M091_GCF_958267435.1.converted                11.90%    failed      0.00%
  25  Neisseria_bergeri_M40463_GCF_003490325.1.converted                  11.15%    failed      0.00%
  26  Neisseria_blantyrii_M338_GCF_962747465.1.converted                  11.35%    failed      0.00%
  27  Neisseria_brasiliensis_N.177.16_GCF_009671065.1.converted           11.69%    failed      0.00%
  28  Neisseria_canis_NCTC10296_GCF_900636765.1.converted                 11.21%    failed      0.00%
  29  Neisseria_chenwenguii_10023_GCF_002216145.1.converted               11.58%    failed      0.00%
  30  Neisseria_cinerea_NCTC10294_GCF_900475315.1.converted               13.18%    failed      0.00%
  31  Neisseria_denitrificans-CCUG17229                                   11.29%    failed      0.00%
  32  Neisseria_denitrificans-DSMZ17675                                   11.54%    failed      0.00%
  33  Neisseria_dentiae_DSM_19151_GCF_014055005.1.converted               10.85%    failed      0.00%
  34  Neisseria_dumasiana_DSM_104677_GCF_022870885.1.converted            10.46%    failed      0.00%
  35  Neisseria_elongata_ATCC_29315_GCF_000818035.1.converted             12.94%    failed      0.00%
  36  Neisseria_flavescens_ATCC_13120_GCF_005221285.1.converted           11.04%    failed      0.00%
  37  Neisseria_gonorrhoeae                                               11.77%    failed      0.00%
  38  Neisseria_iguanae_ATCC_51483_GCF_003013245.1.converted              13.78%    failed      0.00%
  39  Neisseria_lactamica_NCTC10617_GCF_901482445.1.converted             11.51%    failed      0.00%
  40  Neisseria_lactamica_NS19_GCF_000193795.1.converted                  15.12%    failed      0.00%
  41  Neisseria_macacae_ATCC_33926_GCF_022749495.1.converted              10.90%    failed      0.00%
  42  Neisseria_maigaei_02_01105_XS1_1_GCF_958267405.1.converted          11.37%    failed      0.00%
  43  Neisseria_meningitidis_8013_GCF_000026965.1.converted               11.92%    failed      0.00%
  44  Neisseria_montereyensis_CSL10203-ORH2_GCF_024834045.1.converted     12.79%    failed      0.00%
  45  Neisseria_mucosa-heidelbergensis                                    11.16%    failed      0.00%
  46  Neisseria_mucosa_ATCC_19696_GCF_003028315.1.converted               11.00%    failed      0.00%
  47  Neisseria_musculi_NW831_GCF_014297595.1.converted                   11.92%    failed      0.00%
  48  Neisseria_polysaccharea                                             11.92%    failed      0.00%
  49  Neisseria_potus_3_SID_1128_GCF_022870985.1.converted                58.85%    failed      0.00%
  50  Neisseria_shayeganii_DSM_22244_GCF_014054965.1.converted            13.12%    failed      0.00%
  51  Neisseria_sicca_DSM_17713_GCF_014054945.1.converted                 10.76%    failed      0.00%
  52  Neisseria_sp-LNP16475                                               10.47%    failed      0.00%
  53  Neisseria_sp_83E034_GCF_001308015.1.converted                       11.18%    failed      0.00%
  54  Neisseria_sp_DentCa1247_GCF_022870825.1.converted                   11.15%    failed      0.00%
  55  Neisseria_sp_KEM232_GCF_002237445.1.converted                       12.93%    failed      0.00%
  56  Neisseria_sp_oral_taxon014_str.F0314_GCF_005886145.1.converted      11.20%    failed      0.00%
  57  Neisseria_subflava_ATCC_49275_GCF_005221305.1.converted             10.73%    failed      0.00%
  58  Neisseria_subflava_M18660_GCF_003351665.1.converted                 10.60%    failed      0.00%
  59  Neisseria_uirgultaei_12_13988_XS2_1_GCF_962707505.1.converted       11.17%    failed      0.00%
  60  Neisseria_viridiae_M101_GCF_962747945.1.converted                   11.49%    failed      0.00%
  61  Neisseria_wadsworthii_DSM_22245_GCF_014054885.1.converted           11.64%    failed      0.00%
  62  Neisseria_weaveri_NCTC12742_GCF_900638685.1.converted               11.33%    failed      0.00%
  63  Neisseria_weixii_10022_GCF_002327085.1.converted                    38.99%    failed      0.00%
  64  Neisseria_yangbaofengii_ZJ785_GCF_014898075.1.converted             11.28%    failed      0.00%
  65  Neisseria_zalophi_ATCC_BAA-2455_GCF_008807015.1.converted           11.54%    failed      0.00%
  66  Neisseria_zoodegmatis_NCTC12230_GCF_900187305.1.converted           11.07%    failed      0.00%
  67  Neisseriasp_3896.converted                                          13.50%    failed      0.00%
  68  Simonsiella_muelleri_ATCC_29453_GCF_002951835.1.converted           17.41%    failed      0.00%
  69  Snodgrassella_alvi_wkB2_DSM_104735_GCF_022870965.1.converted        22.76%    failed      0.00%
  70  Stenoxybacter_acetivorans_DSM_19021_GCF_000745895.1.converted       17.66%    failed      0.00%
  71  Uruburuella_suis_DSMZ_17474_GCF_022870845.1.converted               11.37%    failed      0.00%
  72  Uruburuella_testudinis_DSMZ_26510_GCF_022870865.1.converted         11.10%    failed      0.00%
  73  Vitreoscilla_massiliensis_DSM_100958_GCF_022870925.1.converted      17.35%    failed      0.00%
  74  Vitreoscilla_stercoraria_DSM_513_GCF_022870945.1.converted          19.84%    failed      0.00%
  75  Wielerella_bovis_CCUG_44465_GCF_022354425.1.converted               17.46%    failed      0.00%
WARNING: 2 sequences contain more than 50% gaps/ambiguity
****  TOTAL                                                               16.16%  75 sequences failed composition chi2 test (p-value<5%; df=3)
NOTE: minimal branch length is reduced to 0.000000106032 for long alignment
Checking for duplicate sequences: done in 1.142 secs using 103.3% CPU

NOTE: Restoring information from model checkpoint file core_gene_alignment.aln.model.gz

CHECKPOINT: Initial tree restored
Model GTR => GTR+F
Perform fast likelihood tree search using GTR+I+G model...
CHECKPOINT: Tree restored, LogL: -25307433.166
NOTE: ModelFinder requires 39092 MB RAM!
ModelFinder will test up to 484 DNA models (sample size: 943110) ...
 No. Model         -LnL         df  AIC          AICc         BIC
Model GTR => GTR+F
  1  GTR+F         28084361.610 155 56169033.220 56169033.271 56170855.545
Model GTR => GTR+F
  2  GTR+F+I       26360246.830 156 52720805.660 52720805.712 52722639.742
Model GTR => GTR+F
  3  GTR+F+G4      25397036.430 156 50794384.860 50794384.912 50796218.942
Model GTR => GTR+F
  4  GTR+F+I+G4    25307318.410 157 50614950.820 50614950.873 50616796.659
Model GTR => GTR+F
  5  GTR+F+R2      25680457.810 157 51361229.620 51361229.673 51363075.459
Model GTR => GTR+F
  6  GTR+F+R3      25365887.660 159 50732093.320 50732093.374 50733962.673
Model GTR => GTR+F
  7  GTR+F+R4      25298749.080 161 50597820.160 50597820.215 50599713.027
Model GTR => GTR+F
  8  GTR+F+R5      25286818.030 163 50573962.060 50573962.117 50575878.441
Model GTR => GTR+F
  9  GTR+F+R6      25284873.550 165 50570077.100 50570077.158 50572016.995
Model GTR => GTR+F
 10  GTR+F+R7      25284733.730 167 50569801.460 50569801.520 50571764.869
Model GTR => GTR+F
 11  GTR+F+R8      25284698.880 169 50569735.760 50569735.821 50571722.683
Model GTR => GTR+F
 12  GTR+F+R9      25284696.170 171 50569734.340 50569734.402 50571744.776
Model GTR => GTR+F
 14  GTR+F+I+I+R2  25460000.920 158 50920317.840 50920317.893 50922175.436
Model GTR => GTR+F
 15  GTR+F+I+I+R3  25314690.200 160 50629700.400 50629700.455 50631581.510
Model GTR => GTR+F
 16  GTR+F+I+I+R4  25289465.350 162 50579254.700 50579254.756 50581159.324
Model GTR => GTR+F
 17  GTR+F+I+I+R5  25285288.070 164 50570904.140 50570904.197 50572832.278
Model GTR => GTR+F
 18  GTR+F+I+I+R6  25284709.350 166 50569750.700 50569750.759 50571702.352
Model GTR => GTR+F
 19  GTR+F+I+I+R7  25284683.030 168 50569702.060 50569702.120 50571677.226
Model GTR => GTR+F
 20  GTR+F+I+I+R8  25284681.450 170 50569702.900 50569702.962 50571701.579
Model SYM => SYM+F
 41  SYM+I+I+R7    25329126.300 165 50658582.600 50658582.658 50660522.495
Model TVM => TVM+F
 63  TVM+F+I+I+R7  25318500.710 167 50637335.420 50637335.480 50639298.829
Model TVMe => TVMe+F
 85  TVMe+I+I+R7   25345893.460 164 50692114.920 50692114.977 50694043.058
Model TIM3 => TIM3+F
107  TIM3+F+I+I+R7 25285200.760 166 50570733.520 50570733.579 50572685.172
Model TIM3e => TIM3e+F
129  TIM3e+I+I+R7  25333468.130 163 50667262.260 50667262.317 50669178.641
Model TIM2 => TIM2+F
151  TIM2+F+I+I+R7 25316472.880 166 50633277.760 50633277.819 50635229.412
Model TIM2e => TIM2e+F
173  TIM2e+I+I+R7  25409292.140 163 50818910.280 50818910.337 50820826.661
Model TIM => TIM+F
195  TIM+F+I+I+R7  25316597.590 166 50633527.180 50633527.239 50635478.832
Model TIMe => TIMe+F
217  TIMe+I+I+R7   25412180.380 163 50824686.760 50824686.817 50826603.141
Model TPM3u => TPM3u+F
239  TPM3u+F+I+I+R7 25318923.780 165 50638177.560 50638177.618 50640117.455
Model TPM3 => TPM3+F
261  TPM3+I+I+R7   25350116.260 162 50700556.520 50700556.576 50702461.144
Model TPM2u => TPM2u+F
283  TPM2u+F+I+I+R7 25350103.970 165 50700537.940 50700537.998 50702477.835
Model TPM2 => TPM2+F
305  TPM2+I+I+R7   25422982.640 162 50846289.280 50846289.336 50848193.904
Model K81u => K81u+F
327  K3Pu+F+I+I+R7 25350142.020 165 50700614.040 50700614.098 50702553.935
Model K81 => K81+F
349  K3P+I+I+R7    25425776.710 162 50851877.420 50851877.476 50853782.044
Model TN => TN+F
371  TN+F+I+I+R7   25316615.650 165 50633561.300 50633561.358 50635501.195
Model TNe => TNe+F
393  TNe+I+I+R7    25412753.240 162 50825830.480 50825830.536 50827735.104
Model HKY => HKY+F
415  HKY+F+I+I+R7  25350161.630 164 50700651.260 50700651.317 50702579.398
Model K80 => K80+F
437  K2P+I+I+R7    25426344.880 161 50853011.760 50853011.815 50854904.627
Model F81 => F81+F
459  F81+F+I+I+R7  26064629.500 163 52129585.000 52129585.057 52131501.381
Model JC => JC+F
481  JC+I+I+R7     26084290.240 160 52168900.480 52168900.535 52170781.590
Akaike Information Criterion:           GTR+F+I+I+R7
Corrected Akaike Information Criterion: GTR+F+I+I+R7
Bayesian Information Criterion:         GTR+F+I+I+R7
Best-fit model: GTR+F+I+I+R7 chosen according to BIC

All model information printed to core_gene_alignment.aln.model.gz
CPU time for ModelFinder: 17.886 seconds (0h:0m:17s)
Wall-clock time for ModelFinder: 5.465 seconds (0h:0m:5s)
Generating 10000 samples for ultrafast bootstrap (seed: 831935)...
CHECKPOINT: 10000 UFBoot trees and 2 UFBootSplits restored
Model GTR => GTR+F

NOTE: 34526 MB RAM (33 GB) is required!
CHECKPOINT: Model parameters restored, LogL: -25282557.629
Wrote distance file to... 
--------------------------------------------------------------------
|             INITIALIZING CANDIDATE TREE SET                      |
--------------------------------------------------------------------
CHECKPOINT: Candidate tree set restored, best LogL: -25282557.629
Finish initializing candidate tree set (20)
Current best tree score: -25282557.629 / CPU time: 0.000
Number of iterations: 105
--------------------------------------------------------------------
|               OPTIMIZING CANDIDATE TREE SET                      |
--------------------------------------------------------------------
Optimizing NNI: done in 94.5504 secs using 1471% CPU
Optimizing NNI: done in 99.3321 secs using 1516% CPU
Optimizing NNI: done in 105.13 secs using 1523% CPU
Optimizing NNI: done in 108.973 secs using 1482% CPU
Optimizing NNI: done in 99.5426 secs using 1466% CPU
Iteration 110 / LogL: -25282978.714 / Time: 0h:13m:29s (0h:11m:8s left)
Optimizing NNI: done in 88.9445 secs using 1477% CPU
Optimizing NNI: done in 114.912 secs using 1449% CPU
Optimizing NNI: done in 138.863 secs using 1255% CPU
Optimizing NNI: done in 155.184 secs using 1307% CPU
Optimizing NNI: done in 89.646 secs using 1424% CPU
Optimizing NNI: done in 73.9017 secs using 1547% CPU
Optimizing NNI: done in 91.7578 secs using 1465% CPU
Optimizing NNI: done in 95.304 secs using 1437% CPU
Optimizing NNI: done in 84.7173 secs using 1547% CPU
Optimizing NNI: done in 98.5941 secs using 1479% CPU
Iteration 120 / LogL: -25283669.508 / Time: 0h:30m:52s (0h:20m:45s left)
Optimizing NNI: done in 86.9946 secs using 1463% CPU
Optimizing NNI: done in 92.2113 secs using 1473% CPU
Optimizing NNI: done in 103.858 secs using 1490% CPU
Optimizing NNI: done in 104.924 secs using 1524% CPU
Optimizing NNI: done in 95.875 secs using 1490% CPU
Optimizing NNI: done in 81.3397 secs using 1521% CPU
Optimizing NNI: done in 106.452 secs using 1502% CPU
Optimizing NNI: done in 73.4687 secs using 1510% CPU
Optimizing NNI: done in 83.9898 secs using 1522% CPU
Optimizing NNI: done in 92.9002 secs using 1530% CPU
Iteration 130 / LogL: -25282836.836 / Time: 0h:46m:23s (0h:25m:10s left)
Optimizing NNI: done in 122.814 secs using 1502% CPU
Optimizing NNI: done in 108.795 secs using 1494% CPU
Optimizing NNI: done in 90.1062 secs using 1512% CPU
Optimizing NNI: done in 82.8456 secs using 1538% CPU
Optimizing NNI: done in 107.587 secs using 1491% CPU
Optimizing NNI: done in 73.9295 secs using 1529% CPU
Optimizing NNI: done in 84.3421 secs using 1509% CPU
Optimizing NNI: done in 85.5874 secs using 1525% CPU
Optimizing NNI: done in 89.6637 secs using 1560% CPU
Optimizing NNI: done in 93.6667 secs using 1509% CPU
Iteration 140 / LogL: -25283328.521 / Time: 1h:2m:13s (0h:26m:51s left)
Optimizing NNI: done in 74.1491 secs using 1563% CPU
Optimizing NNI: done in 90.4671 secs using 1530% CPU
Optimizing NNI: done in 117.663 secs using 1534% CPU
Optimizing NNI: done in 89.1598 secs using 1508% CPU
Optimizing NNI: done in 84.9354 secs using 1528% CPU
Optimizing NNI: done in 75.4757 secs using 1562% CPU
Optimizing NNI: done in 84.9974 secs using 1509% CPU
Optimizing NNI: done in 78.6974 secs using 1508% CPU
Optimizing NNI: done in 84.5884 secs using 1511% CPU
Optimizing NNI: done in 97.8559 secs using 1477% CPU
Iteration 150 / LogL: -25283709.628 / Time: 1h:17m:1s (0h:25m:50s left)
Log-likelihood cutoff on original alignment: -25283488.830
Optimizing NNI: done in 90.4126 secs using 1499% CPU
Optimizing NNI: done in 72.0757 secs using 1531% CPU
Optimizing NNI: done in 111.892 secs using 1488% CPU
Optimizing NNI: done in 106.251 secs using 1493% CPU
Optimizing NNI: done in 94.2894 secs using 1512% CPU
Optimizing NNI: done in 100.514 secs using 1469% CPU
NOTE: 10.570 seconds to dump checkpoint file, increase to 212.000
Optimizing NNI: done in 119.561 secs using 1495% CPU
Optimizing NNI: done in 97.4667 secs using 1451% CPU
Optimizing NNI: done in 121.792 secs using 1484% CPU
Optimizing NNI: done in 106.499 secs using 1492% CPU
Iteration 160 / LogL: -25284095.158 / Time: 1h:34m:26s (0h:23m:45s left)
Optimizing NNI: done in 104.676 secs using 1486% CPU
Optimizing NNI: done in 74.5589 secs using 1481% CPU
Optimizing NNI: done in 113.63 secs using 1494% CPU
Optimizing NNI: done in 92.3631 secs using 1457% CPU
Optimizing NNI: done in 82.8278 secs using 1437% CPU
Optimizing NNI: done in 95.3844 secs using 1507% CPU
Optimizing NNI: done in 66.075 secs using 1534% CPU
Optimizing NNI: done in 106.161 secs using 1419% CPU
Optimizing NNI: done in 70.446 secs using 1534% CPU
Optimizing NNI: done in 90.2833 secs using 1460% CPU
Iteration 170 / LogL: -25283429.637 / Time: 1h:49m:32s (0h:19m:26s left)
Optimizing NNI: done in 109.731 secs using 1461% CPU
Optimizing NNI: done in 103.715 secs using 1503% CPU
Optimizing NNI: done in 104.276 secs using 1444% CPU
Optimizing NNI: done in 87.0293 secs using 1472% CPU
Optimizing NNI: done in 85.3375 secs using 1520% CPU
Optimizing NNI: done in 100.238 secs using 1470% CPU
Optimizing NNI: done in 91.1563 secs using 1505% CPU
Optimizing NNI: done in 92.2386 secs using 1478% CPU
Optimizing NNI: done in 89.5894 secs using 1536% CPU
Optimizing NNI: done in 95.7533 secs using 1481% CPU
Iteration 180 / LogL: -25283297.895 / Time: 2h:5m:43s (0h:14m:2s left)
Optimizing NNI: done in 83.3073 secs using 1504% CPU
Optimizing NNI: done in 110.403 secs using 1513% CPU
Optimizing NNI: done in 86.4299 secs using 1504% CPU
Optimizing NNI: done in 89.361 secs using 1483% CPU
Optimizing NNI: done in 83.8046 secs using 1519% CPU
Optimizing NNI: done in 114.349 secs using 1479% CPU
Optimizing NNI: done in 101.379 secs using 1523% CPU
Optimizing NNI: done in 115.836 secs using 1434% CPU
Optimizing NNI: done in 113.793 secs using 1493% CPU
Optimizing NNI: done in 83.0317 secs using 1473% CPU
Iteration 190 / LogL: -25283918.764 / Time: 2h:22m:15s (0h:7m:31s left)
Optimizing NNI: done in 88.7047 secs using 1502% CPU
Optimizing NNI: done in 85.0095 secs using 1460% CPU
Optimizing NNI: done in 86.4499 secs using 1526% CPU
Optimizing NNI: done in 97.8899 secs using 1496% CPU
Optimizing NNI: done in 92.6535 secs using 1507% CPU
Optimizing NNI: done in 82.0019 secs using 1485% CPU
Optimizing NNI: done in 91.4383 secs using 1473% CPU
Optimizing NNI: done in 77.4379 secs using 1554% CPU
Optimizing NNI: done in 124.065 secs using 1467% CPU
Optimizing NNI: done in 73.7883 secs using 1523% CPU
Iteration 200 / LogL: -25283621.392 / Time: 2h:37m:24s (0h:0m:0s left)
Log-likelihood cutoff on original alignment: -25283488.830
NOTE: Bootstrap correlation coefficient of split occurrence frequencies: 1.000
TREE SEARCH COMPLETED AFTER 200 ITERATIONS / Time: 2h:37m:27s

--------------------------------------------------------------------
|                    FINALIZING TREE SEARCH                        |
--------------------------------------------------------------------
Performs final model parameters optimization
Estimate model parameters (epsilon = 0.010)
1. Initial log-likelihood: -25282557.629
2. Current log-likelihood: -25282557.497
3. Current log-likelihood: -25282557.338
4. Current log-likelihood: -25282557.136
5. Current log-likelihood: -25282556.979
6. Current log-likelihood: -25282556.770
7. Current log-likelihood: -25282556.570
8. Current log-likelihood: -25282556.409
9. Current log-likelihood: -25282556.257
10. Current log-likelihood: -25282556.108
11. Current log-likelihood: -25282555.964
12. Current log-likelihood: -25282555.778
13. Current log-likelihood: -25282555.634
14. Current log-likelihood: -25282555.492
15. Current log-likelihood: -25282555.358
16. Current log-likelihood: -25282555.221
17. Current log-likelihood: -25282555.092
18. Current log-likelihood: -25282554.960
19. Current log-likelihood: -25282554.835
20. Current log-likelihood: -25282554.612
21. Current log-likelihood: -25282554.438
22. Current log-likelihood: -25282554.301
23. Current log-likelihood: -25282554.171
24. Current log-likelihood: -25282554.045
25. Current log-likelihood: -25282553.922
26. Current log-likelihood: -25282553.800
27. Current log-likelihood: -25282553.681
28. Current log-likelihood: -25282553.563
29. Current log-likelihood: -25282553.448
30. Current log-likelihood: -25282553.333
31. Current log-likelihood: -25282553.222
32. Current log-likelihood: -25282553.110
33. Current log-likelihood: -25282553.002
34. Current log-likelihood: -25282552.892
35. Current log-likelihood: -25282552.787
36. Current log-likelihood: -25282552.681
37. Current log-likelihood: -25282552.477
38. Current log-likelihood: -25282552.330
39. Current log-likelihood: -25282552.218
40. Current log-likelihood: -25282552.111
41. Current log-likelihood: -25282551.990
42. Current log-likelihood: -25282551.888
43. Current log-likelihood: -25282551.790
44. Current log-likelihood: -25282551.691
45. Current log-likelihood: -25282551.582
46. Current log-likelihood: -25282551.487
47. Current log-likelihood: -25282551.394
48. Current log-likelihood: -25282551.301
49. Current log-likelihood: -25282551.202
50. Current log-likelihood: -25282551.069
51. Current log-likelihood: -25282550.973
52. Current log-likelihood: -25282550.882
53. Current log-likelihood: -25282550.794
54. Current log-likelihood: -25282550.706
55. Current log-likelihood: -25282550.620
56. Current log-likelihood: -25282550.535
57. Current log-likelihood: -25282550.395
58. Current log-likelihood: -25282550.277
59. Current log-likelihood: -25282550.185
60. Current log-likelihood: -25282550.098
61. Current log-likelihood: -25282550.013
62. Current log-likelihood: -25282549.929
63. Current log-likelihood: -25282549.847
64. Current log-likelihood: -25282549.766
65. Current log-likelihood: -25282549.686
66. Current log-likelihood: -25282549.565
67. Current log-likelihood: -25282549.480
68. Current log-likelihood: -25282549.401
69. Current log-likelihood: -25282549.324
70. Current log-likelihood: -25282549.247
71. Current log-likelihood: -25282549.172
72. Current log-likelihood: -25282549.098
73. Current log-likelihood: -25282549.025
74. Current log-likelihood: -25282548.953
75. Current log-likelihood: -25282548.881
76. Current log-likelihood: -25282548.810
77. Current log-likelihood: -25282548.741
78. Current log-likelihood: -25282548.672
79. Current log-likelihood: -25282548.617
80. Current log-likelihood: -25282548.546
81. Current log-likelihood: -25282548.451
82. Current log-likelihood: -25282548.388
83. Current log-likelihood: -25282548.266
84. Current log-likelihood: -25282548.170
85. Current log-likelihood: -25282548.096
86. Current log-likelihood: -25282548.026
87. Current log-likelihood: -25282547.958
88. Current log-likelihood: -25282547.891
89. Current log-likelihood: -25282547.840
90. Current log-likelihood: -25282547.772
91. Current log-likelihood: -25282547.721
92. Current log-likelihood: -25282547.655
93. Current log-likelihood: -25282547.605
94. Current log-likelihood: -25282547.554
95. Current log-likelihood: -25282547.502
96. Current log-likelihood: -25282547.452
97. Current log-likelihood: -25282547.401
98. Current log-likelihood: -25282547.351
99. Current log-likelihood: -25282547.260
Optimal log-likelihood: -25282547.260
Rate parameters:  A-C: 1.59036  A-G: 3.48776  A-T: 0.87612  C-G: 1.58601  C-T: 5.38280  G-T: 1.00000
Base frequencies:  A: 0.243  C: 0.277  G: 0.269  T: 0.212
Proportion of invariable sites: 0.203
Site proportion and rates:  (0.151,0.077) (0.110,0.335) (0.113,0.714) (0.125,1.139) (0.166,1.741) (0.106,2.971) (0.024,5.116)
Parameters optimization took 99 rounds (2433.847 sec)
BEST SCORE FOUND : -25282547.260
Creating bootstrap support values...
Split supports printed to NEXUS file core_gene_alignment.aln.splits.nex
Total tree length: 11.957

Total number of iterations: 200
CPU time used for tree search: 135581.679 sec (37h:39m:41s)
Wall-clock time used for tree search: 9151.204 sec (2h:32m:31s)
Total CPU time used: 171049.913 sec (47h:30m:49s)
Total wall-clock time used: 11885.684 sec (3h:18m:5s)

Computing bootstrap consensus tree...
Reading input file core_gene_alignment.aln.splits.nex...
75 taxa and 153 splits.
Consensus tree written to core_gene_alignment.aln.contree
Reading input trees file core_gene_alignment.aln.contree
Log-likelihood of consensus tree: -25282547.230

Analysis results written to: 
  IQ-TREE report:                core_gene_alignment.aln.iqtree
  Maximum-likelihood tree:       core_gene_alignment.aln.treefile
  Likelihood distances:          core_gene_alignment.aln.mldist

Ultrafast bootstrap approximation results written to:
  Split support values:          core_gene_alignment.aln.splits.nex
  Consensus tree:                core_gene_alignment.aln.contree
  Screen log file:               core_gene_alignment.aln.log

ALISIM COMMAND
--------------
--alisim simulated_MSA -t core_gene_alignment.aln.treefile -m "GTR{1.59036,3.48776,0.876123,1.58601,5.3828}+F{0.242536,0.276514,0.268682,0.212268}+I{0.203055}+R7{0.151443,0.0766491,0.110318,0.335347,0.113418,0.714027,0.125342,1.1393,0.166188,1.74128,0.106336,2.97138,0.0239003,5.11575}" --length 943110

Date and Time: Wed Sep 20 08:11:36 2023
